[     165ms] [LOG] %c[Vercel Speed Insights]%c [vitals] color: rgb(120, 120, 120) color: inherit {speed: 4g, metrics: Array(5), scriptVersion: 0.1.3, sdkName: @vercel/speed-insights/astro, sdkVersion: 1.3.1} /_vercel/speed-insights/vitals @ https://va.vercel-scripts.com/v1/speed-insights/script.debug.js:0
[     180ms] [LOG] %c[Vercel Speed Insights]%c [vitals] color: rgb(120, 120, 120) color: inherit {speed: 4g, metrics: Array(1), scriptVersion: 0.1.3, sdkName: @vercel/speed-insights/astro, sdkVersion: 1.3.1} /_vercel/speed-insights/vitals @ https://va.vercel-scripts.com/v1/speed-insights/script.debug.js:0
[     977ms] [LOG] %c[Vercel Web Analytics]%c Debug mode is enabled by default in development. No requests will be sent to the server. color: rgb(120, 120, 120) color: inherit @ https://va.vercel-scripts.com/v1/script.debug.js:0
[     978ms] [LOG] %c[Vercel Web Analytics]%c Running queued event color: rgb(120, 120, 120) color: inherit pageview {route: /about, path: /about} @ https://va.vercel-scripts.com/v1/script.debug.js:0
[     978ms] [LOG] %c[Vercel Web Analytics]%c [view] http://localhost:4399/about color: rgb(120, 120, 120) color: inherit {o: http://localhost:4399/about, sv: 0.1.3, sdkn: @vercel/analytics/astro, sdkv: 1.6.1, ts: 1781140599243} /_vercel/insights/view @ https://va.vercel-scripts.com/v1/script.debug.js:0
[     989ms] [LOG] %c[Vercel Speed Insights]%c Debug mode is enabled by default in development. No requests will be sent to the server. color: rgb(120, 120, 120) color: inherit @ https://va.vercel-scripts.com/v1/speed-insights/script.debug.js:0
[  353219ms] [LOG] %c[Vercel Speed Insights]%c [vitals] color: rgb(120, 120, 120) color: inherit {speed: 4g, metrics: Array(2), scriptVersion: 0.1.3, sdkName: @vercel/speed-insights/astro, sdkVersion: 1.3.1} /_vercel/speed-insights/vitals @ https://va.vercel-scripts.com/v1/speed-insights/script.debug.js:0
[  355015ms] [LOG] %c[Vercel Speed Insights]%c Debug mode is enabled by default in development. No requests will be sent to the server. color: rgb(120, 120, 120) color: inherit @ https://va.vercel-scripts.com/v1/speed-insights/script.debug.js:0
[  355017ms] [LOG] %c[Vercel Web Analytics]%c Debug mode is enabled by default in development. No requests will be sent to the server. color: rgb(120, 120, 120) color: inherit @ https://va.vercel-scripts.com/v1/script.debug.js:0
[  355017ms] [LOG] %c[Vercel Web Analytics]%c Running queued event color: rgb(120, 120, 120) color: inherit pageview {route: /about, path: /about} @ https://va.vercel-scripts.com/v1/script.debug.js:0
[  355018ms] [LOG] %c[Vercel Web Analytics]%c [view] http://localhost:4399/about color: rgb(120, 120, 120) color: inherit {o: http://localhost:4399/about, sv: 0.1.3, sdkn: @vercel/analytics/astro, sdkv: 1.6.1, ts: 1781140953283} /_vercel/insights/view @ https://va.vercel-scripts.com/v1/script.debug.js:0
[  363495ms] [LOG] %c[Vercel Speed Insights]%c [vitals] color: rgb(120, 120, 120) color: inherit {speed: 4g, metrics: Array(1), scriptVersion: 0.1.3, sdkName: @vercel/speed-insights/astro, sdkVersion: 1.3.1} /_vercel/speed-insights/vitals @ https://va.vercel-scripts.com/v1/speed-insights/script.debug.js:0
[  363580ms] [LOG] %c[Vercel Web Analytics]%c Debug mode is enabled by default in development. No requests will be sent to the server. color: rgb(120, 120, 120) color: inherit @ https://va.vercel-scripts.com/v1/script.debug.js:0
[  363580ms] [LOG] %c[Vercel Web Analytics]%c Running queued event color: rgb(120, 120, 120) color: inherit pageview {route: /about, path: /about} @ https://va.vercel-scripts.com/v1/script.debug.js:0
[  363580ms] [LOG] %c[Vercel Web Analytics]%c [view] http://localhost:4399/about color: rgb(120, 120, 120) color: inherit {o: http://localhost:4399/about, sv: 0.1.3, sdkn: @vercel/analytics/astro, sdkv: 1.6.1, ts: 1781140961845} /_vercel/insights/view @ https://va.vercel-scripts.com/v1/script.debug.js:0
[  363580ms] [LOG] %c[Vercel Speed Insights]%c Debug mode is enabled by default in development. No requests will be sent to the server. color: rgb(120, 120, 120) color: inherit @ https://va.vercel-scripts.com/v1/speed-insights/script.debug.js:0
[  376416ms] [LOG] %c[Vercel Speed Insights]%c [vitals] color: rgb(120, 120, 120) color: inherit {speed: 4g, metrics: Array(1), scriptVersion: 0.1.3, sdkName: @vercel/speed-insights/astro, sdkVersion: 1.3.1} /_vercel/speed-insights/vitals @ https://va.vercel-scripts.com/v1/speed-insights/script.debug.js:0
[  376446ms] [LOG] %c[Vercel Web Analytics]%c Debug mode is enabled by default in development. No requests will be sent to the server. color: rgb(120, 120, 120) color: inherit @ https://va.vercel-scripts.com/v1/script.debug.js:0
[  376446ms] [LOG] %c[Vercel Web Analytics]%c Running queued event color: rgb(120, 120, 120) color: inherit pageview {route: /about, path: /about} @ https://va.vercel-scripts.com/v1/script.debug.js:0
[  376446ms] [LOG] %c[Vercel Web Analytics]%c [view] http://localhost:4399/about color: rgb(120, 120, 120) color: inherit {o: http://localhost:4399/about, sv: 0.1.3, sdkn: @vercel/analytics/astro, sdkv: 1.6.1, ts: 1781140974712} /_vercel/insights/view @ https://va.vercel-scripts.com/v1/script.debug.js:0
[  376447ms] [LOG] %c[Vercel Speed Insights]%c Debug mode is enabled by default in development. No requests will be sent to the server. color: rgb(120, 120, 120) color: inherit @ https://va.vercel-scripts.com/v1/speed-insights/script.debug.js:0
[  610359ms] [LOG] %c[Vercel Speed Insights]%c [vitals] color: rgb(120, 120, 120) color: inherit {speed: 4g, metrics: Array(1), scriptVersion: 0.1.3, sdkName: @vercel/speed-insights/astro, sdkVersion: 1.3.1} /_vercel/speed-insights/vitals @ https://va.vercel-scripts.com/v1/speed-insights/script.debug.js:0
[  610400ms] [LOG] %c[Vercel Web Analytics]%c Debug mode is enabled by default in development. No requests will be sent to the server. color: rgb(120, 120, 120) color: inherit @ https://va.vercel-scripts.com/v1/script.debug.js:0
[  610401ms] [LOG] %c[Vercel Web Analytics]%c Running queued event color: rgb(120, 120, 120) color: inherit pageview {route: /about, path: /about} @ https://va.vercel-scripts.com/v1/script.debug.js:0
[  610401ms] [LOG] %c[Vercel Web Analytics]%c [view] http://localhost:4399/about color: rgb(120, 120, 120) color: inherit {o: http://localhost:4399/about, sv: 0.1.3, sdkn: @vercel/analytics/astro, sdkv: 1.6.1, ts: 1781141208666} /_vercel/insights/view @ https://va.vercel-scripts.com/v1/script.debug.js:0
[  610401ms] [LOG] %c[Vercel Speed Insights]%c Debug mode is enabled by default in development. No requests will be sent to the server. color: rgb(120, 120, 120) color: inherit @ https://va.vercel-scripts.com/v1/speed-insights/script.debug.js:0
[  612563ms] [LOG] %c[Vercel Speed Insights]%c [vitals] color: rgb(120, 120, 120) color: inherit {speed: 4g, metrics: Array(1), scriptVersion: 0.1.3, sdkName: @vercel/speed-insights/astro, sdkVersion: 1.3.1} /_vercel/speed-insights/vitals @ https://va.vercel-scripts.com/v1/speed-insights/script.debug.js:0
[  612593ms] [LOG] %c[Vercel Web Analytics]%c Debug mode is enabled by default in development. No requests will be sent to the server. color: rgb(120, 120, 120) color: inherit @ https://va.vercel-scripts.com/v1/script.debug.js:0
[  612593ms] [LOG] %c[Vercel Web Analytics]%c Running queued event color: rgb(120, 120, 120) color: inherit pageview {route: /about, path: /about} @ https://va.vercel-scripts.com/v1/script.debug.js:0
[  612594ms] [LOG] %c[Vercel Web Analytics]%c [view] http://localhost:4399/about color: rgb(120, 120, 120) color: inherit {o: http://localhost:4399/about, sv: 0.1.3, sdkn: @vercel/analytics/astro, sdkv: 1.6.1, ts: 1781141210859} /_vercel/insights/view @ https://va.vercel-scripts.com/v1/script.debug.js:0
[  612594ms] [LOG] %c[Vercel Speed Insights]%c Debug mode is enabled by default in development. No requests will be sent to the server. color: rgb(120, 120, 120) color: inherit @ https://va.vercel-scripts.com/v1/speed-insights/script.debug.js:0
[  617184ms] [LOG] %c[Vercel Speed Insights]%c [vitals] color: rgb(120, 120, 120) color: inherit {speed: 4g, metrics: Array(1), scriptVersion: 0.1.3, sdkName: @vercel/speed-insights/astro, sdkVersion: 1.3.1} /_vercel/speed-insights/vitals @ https://va.vercel-scripts.com/v1/speed-insights/script.debug.js:0
[  617211ms] [LOG] %c[Vercel Web Analytics]%c Debug mode is enabled by default in development. No requests will be sent to the server. color: rgb(120, 120, 120) color: inherit @ https://va.vercel-scripts.com/v1/script.debug.js:0
[  617211ms] [LOG] %c[Vercel Web Analytics]%c Running queued event color: rgb(120, 120, 120) color: inherit pageview {route: /about, path: /about} @ https://va.vercel-scripts.com/v1/script.debug.js:0
[  617212ms] [LOG] %c[Vercel Web Analytics]%c [view] http://localhost:4399/about color: rgb(120, 120, 120) color: inherit {o: http://localhost:4399/about, sv: 0.1.3, sdkn: @vercel/analytics/astro, sdkv: 1.6.1, ts: 1781141215477} /_vercel/insights/view @ https://va.vercel-scripts.com/v1/script.debug.js:0
[  617212ms] [LOG] %c[Vercel Speed Insights]%c Debug mode is enabled by default in development. No requests will be sent to the server. color: rgb(120, 120, 120) color: inherit @ https://va.vercel-scripts.com/v1/speed-insights/script.debug.js:0
[  625159ms] [LOG] %c[Vercel Speed Insights]%c [vitals] color: rgb(120, 120, 120) color: inherit {speed: 4g, metrics: Array(1), scriptVersion: 0.1.3, sdkName: @vercel/speed-insights/astro, sdkVersion: 1.3.1} /_vercel/speed-insights/vitals @ https://va.vercel-scripts.com/v1/speed-insights/script.debug.js:0
[  625181ms] [LOG] %c[Vercel Web Analytics]%c Debug mode is enabled by default in development. No requests will be sent to the server. color: rgb(120, 120, 120) color: inherit @ https://va.vercel-scripts.com/v1/script.debug.js:0
[  625181ms] [LOG] %c[Vercel Web Analytics]%c Running queued event color: rgb(120, 120, 120) color: inherit pageview {route: /about, path: /about} @ https://va.vercel-scripts.com/v1/script.debug.js:0
[  625181ms] [LOG] %c[Vercel Web Analytics]%c [view] http://localhost:4399/about color: rgb(120, 120, 120) color: inherit {o: http://localhost:4399/about, sv: 0.1.3, sdkn: @vercel/analytics/astro, sdkv: 1.6.1, ts: 1781141223446} /_vercel/insights/view @ https://va.vercel-scripts.com/v1/script.debug.js:0
[  625181ms] [LOG] %c[Vercel Speed Insights]%c Debug mode is enabled by default in development. No requests will be sent to the server. color: rgb(120, 120, 120) color: inherit @ https://va.vercel-scripts.com/v1/speed-insights/script.debug.js:0
[  637313ms] [LOG] %c[Vercel Speed Insights]%c [vitals] color: rgb(120, 120, 120) color: inherit {speed: 4g, metrics: Array(1), scriptVersion: 0.1.3, sdkName: @vercel/speed-insights/astro, sdkVersion: 1.3.1} /_vercel/speed-insights/vitals @ https://va.vercel-scripts.com/v1/speed-insights/script.debug.js:0
[  637334ms] [LOG] %c[Vercel Web Analytics]%c Debug mode is enabled by default in development. No requests will be sent to the server. color: rgb(120, 120, 120) color: inherit @ https://va.vercel-scripts.com/v1/script.debug.js:0
[  637334ms] [LOG] %c[Vercel Web Analytics]%c Running queued event color: rgb(120, 120, 120) color: inherit pageview {route: /about, path: /about} @ https://va.vercel-scripts.com/v1/script.debug.js:0
[  637334ms] [LOG] %c[Vercel Web Analytics]%c [view] http://localhost:4399/about color: rgb(120, 120, 120) color: inherit {o: http://localhost:4399/about, sv: 0.1.3, sdkn: @vercel/analytics/astro, sdkv: 1.6.1, ts: 1781141235600} /_vercel/insights/view @ https://va.vercel-scripts.com/v1/script.debug.js:0
[  637334ms] [LOG] %c[Vercel Speed Insights]%c Debug mode is enabled by default in development. No requests will be sent to the server. color: rgb(120, 120, 120) color: inherit @ https://va.vercel-scripts.com/v1/speed-insights/script.debug.js:0
[  644616ms] [LOG] %c[Vercel Speed Insights]%c [vitals] color: rgb(120, 120, 120) color: inherit {speed: 4g, metrics: Array(1), scriptVersion: 0.1.3, sdkName: @vercel/speed-insights/astro, sdkVersion: 1.3.1} /_vercel/speed-insights/vitals @ https://va.vercel-scripts.com/v1/speed-insights/script.debug.js:0
[  644667ms] [LOG] %c[Vercel Web Analytics]%c Debug mode is enabled by default in development. No requests will be sent to the server. color: rgb(120, 120, 120) color: inherit @ https://va.vercel-scripts.com/v1/script.debug.js:0
[  644667ms] [LOG] %c[Vercel Web Analytics]%c Running queued event color: rgb(120, 120, 120) color: inherit pageview {route: /about, path: /about} @ https://va.vercel-scripts.com/v1/script.debug.js:0
[  644667ms] [LOG] %c[Vercel Web Analytics]%c [view] http://localhost:4399/about color: rgb(120, 120, 120) color: inherit {o: http://localhost:4399/about, sv: 0.1.3, sdkn: @vercel/analytics/astro, sdkv: 1.6.1, ts: 1781141242933} /_vercel/insights/view @ https://va.vercel-scripts.com/v1/script.debug.js:0
[  644668ms] [LOG] %c[Vercel Speed Insights]%c Debug mode is enabled by default in development. No requests will be sent to the server. color: rgb(120, 120, 120) color: inherit @ https://va.vercel-scripts.com/v1/speed-insights/script.debug.js:0
[  646045ms] [LOG] %c[Vercel Speed Insights]%c [vitals] color: rgb(120, 120, 120) color: inherit {speed: 4g, metrics: Array(1), scriptVersion: 0.1.3, sdkName: @vercel/speed-insights/astro, sdkVersion: 1.3.1} /_vercel/speed-insights/vitals @ https://va.vercel-scripts.com/v1/speed-insights/script.debug.js:0
[  646060ms] [LOG] %c[Vercel Web Analytics]%c Debug mode is enabled by default in development. No requests will be sent to the server. color: rgb(120, 120, 120) color: inherit @ https://va.vercel-scripts.com/v1/script.debug.js:0
[  646060ms] [LOG] %c[Vercel Web Analytics]%c Running queued event color: rgb(120, 120, 120) color: inherit pageview {route: /about, path: /about} @ https://va.vercel-scripts.com/v1/script.debug.js:0
[  646061ms] [LOG] %c[Vercel Web Analytics]%c [view] http://localhost:4399/about color: rgb(120, 120, 120) color: inherit {o: http://localhost:4399/about, sv: 0.1.3, sdkn: @vercel/analytics/astro, sdkv: 1.6.1, ts: 1781141244326} /_vercel/insights/view @ https://va.vercel-scripts.com/v1/script.debug.js:0
[  646061ms] [LOG] %c[Vercel Speed Insights]%c Debug mode is enabled by default in development. No requests will be sent to the server. color: rgb(120, 120, 120) color: inherit @ https://va.vercel-scripts.com/v1/speed-insights/script.debug.js:0
[  648586ms] [LOG] %c[Vercel Speed Insights]%c [vitals] color: rgb(120, 120, 120) color: inherit {speed: 4g, metrics: Array(1), scriptVersion: 0.1.3, sdkName: @vercel/speed-insights/astro, sdkVersion: 1.3.1} /_vercel/speed-insights/vitals @ https://va.vercel-scripts.com/v1/speed-insights/script.debug.js:0
[  648632ms] [LOG] %c[Vercel Web Analytics]%c Debug mode is enabled by default in development. No requests will be sent to the server. color: rgb(120, 120, 120) color: inherit @ https://va.vercel-scripts.com/v1/script.debug.js:0
[  648632ms] [LOG] %c[Vercel Web Analytics]%c Running queued event color: rgb(120, 120, 120) color: inherit pageview {route: /about, path: /about} @ https://va.vercel-scripts.com/v1/script.debug.js:0
[  648632ms] [LOG] %c[Vercel Web Analytics]%c [view] http://localhost:4399/about color: rgb(120, 120, 120) color: inherit {o: http://localhost:4399/about, sv: 0.1.3, sdkn: @vercel/analytics/astro, sdkv: 1.6.1, ts: 1781141246897} /_vercel/insights/view @ https://va.vercel-scripts.com/v1/script.debug.js:0
[  648632ms] [LOG] %c[Vercel Speed Insights]%c Debug mode is enabled by default in development. No requests will be sent to the server. color: rgb(120, 120, 120) color: inherit @ https://va.vercel-scripts.com/v1/speed-insights/script.debug.js:0
[  655770ms] [LOG] %c[Vercel Speed Insights]%c [vitals] color: rgb(120, 120, 120) color: inherit {speed: 4g, metrics: Array(1), scriptVersion: 0.1.3, sdkName: @vercel/speed-insights/astro, sdkVersion: 1.3.1} /_vercel/speed-insights/vitals @ https://va.vercel-scripts.com/v1/speed-insights/script.debug.js:0
[  655804ms] [LOG] %c[Vercel Web Analytics]%c Debug mode is enabled by default in development. No requests will be sent to the server. color: rgb(120, 120, 120) color: inherit @ https://va.vercel-scripts.com/v1/script.debug.js:0
[  655805ms] [LOG] %c[Vercel Web Analytics]%c Running queued event color: rgb(120, 120, 120) color: inherit pageview {route: /about, path: /about} @ https://va.vercel-scripts.com/v1/script.debug.js:0
[  655805ms] [LOG] %c[Vercel Web Analytics]%c [view] http://localhost:4399/about color: rgb(120, 120, 120) color: inherit {o: http://localhost:4399/about, sv: 0.1.3, sdkn: @vercel/analytics/astro, sdkv: 1.6.1, ts: 1781141254070} /_vercel/insights/view @ https://va.vercel-scripts.com/v1/script.debug.js:0
[  655805ms] [LOG] %c[Vercel Speed Insights]%c Debug mode is enabled by default in development. No requests will be sent to the server. color: rgb(120, 120, 120) color: inherit @ https://va.vercel-scripts.com/v1/speed-insights/script.debug.js:0
[  657345ms] [LOG] %c[Vercel Speed Insights]%c [vitals] color: rgb(120, 120, 120) color: inherit {speed: 4g, metrics: Array(1), scriptVersion: 0.1.3, sdkName: @vercel/speed-insights/astro, sdkVersion: 1.3.1} /_vercel/speed-insights/vitals @ https://va.vercel-scripts.com/v1/speed-insights/script.debug.js:0
[  657360ms] [LOG] %c[Vercel Web Analytics]%c Debug mode is enabled by default in development. No requests will be sent to the server. color: rgb(120, 120, 120) color: inherit @ https://va.vercel-scripts.com/v1/script.debug.js:0
[  657360ms] [LOG] %c[Vercel Web Analytics]%c Running queued event color: rgb(120, 120, 120) color: inherit pageview {route: /about, path: /about} @ https://va.vercel-scripts.com/v1/script.debug.js:0
[  657361ms] [LOG] %c[Vercel Web Analytics]%c [view] http://localhost:4399/about color: rgb(120, 120, 120) color: inherit {o: http://localhost:4399/about, sv: 0.1.3, sdkn: @vercel/analytics/astro, sdkv: 1.6.1, ts: 1781141255626} /_vercel/insights/view @ https://va.vercel-scripts.com/v1/script.debug.js:0
[  657361ms] [LOG] %c[Vercel Speed Insights]%c Debug mode is enabled by default in development. No requests will be sent to the server. color: rgb(120, 120, 120) color: inherit @ https://va.vercel-scripts.com/v1/speed-insights/script.debug.js:0
[  658543ms] [LOG] %c[Vercel Speed Insights]%c [vitals] color: rgb(120, 120, 120) color: inherit {speed: 4g, metrics: Array(1), scriptVersion: 0.1.3, sdkName: @vercel/speed-insights/astro, sdkVersion: 1.3.1} /_vercel/speed-insights/vitals @ https://va.vercel-scripts.com/v1/speed-insights/script.debug.js:0
[  658560ms] [LOG] %c[Vercel Web Analytics]%c Debug mode is enabled by default in development. No requests will be sent to the server. color: rgb(120, 120, 120) color: inherit @ https://va.vercel-scripts.com/v1/script.debug.js:0
[  658561ms] [LOG] %c[Vercel Web Analytics]%c Running queued event color: rgb(120, 120, 120) color: inherit pageview {route: /about, path: /about} @ https://va.vercel-scripts.com/v1/script.debug.js:0
[  658561ms] [LOG] %c[Vercel Web Analytics]%c [view] http://localhost:4399/about color: rgb(120, 120, 120) color: inherit {o: http://localhost:4399/about, sv: 0.1.3, sdkn: @vercel/analytics/astro, sdkv: 1.6.1, ts: 1781141256826} /_vercel/insights/view @ https://va.vercel-scripts.com/v1/script.debug.js:0
[  658561ms] [LOG] %c[Vercel Speed Insights]%c Debug mode is enabled by default in development. No requests will be sent to the server. color: rgb(120, 120, 120) color: inherit @ https://va.vercel-scripts.com/v1/speed-insights/script.debug.js:0
[  681153ms] [LOG] %c[Vercel Speed Insights]%c [vitals] color: rgb(120, 120, 120) color: inherit {speed: 4g, metrics: Array(1), scriptVersion: 0.1.3, sdkName: @vercel/speed-insights/astro, sdkVersion: 1.3.1} /_vercel/speed-insights/vitals @ https://va.vercel-scripts.com/v1/speed-insights/script.debug.js:0
[  681195ms] [LOG] %c[Vercel Web Analytics]%c Debug mode is enabled by default in development. No requests will be sent to the server. color: rgb(120, 120, 120) color: inherit @ https://va.vercel-scripts.com/v1/script.debug.js:0
[  681195ms] [LOG] %c[Vercel Web Analytics]%c Running queued event color: rgb(120, 120, 120) color: inherit pageview {route: /about, path: /about} @ https://va.vercel-scripts.com/v1/script.debug.js:0
[  681195ms] [LOG] %c[Vercel Web Analytics]%c [view] http://localhost:4399/about color: rgb(120, 120, 120) color: inherit {o: http://localhost:4399/about, sv: 0.1.3, sdkn: @vercel/analytics/astro, sdkv: 1.6.1, ts: 1781141279461} /_vercel/insights/view @ https://va.vercel-scripts.com/v1/script.debug.js:0
[  681195ms] [LOG] %c[Vercel Speed Insights]%c Debug mode is enabled by default in development. No requests will be sent to the server. color: rgb(120, 120, 120) color: inherit @ https://va.vercel-scripts.com/v1/speed-insights/script.debug.js:0
[  697042ms] [LOG] %c[Vercel Speed Insights]%c [vitals] color: rgb(120, 120, 120) color: inherit {speed: 4g, metrics: Array(1), scriptVersion: 0.1.3, sdkName: @vercel/speed-insights/astro, sdkVersion: 1.3.1} /_vercel/speed-insights/vitals @ https://va.vercel-scripts.com/v1/speed-insights/script.debug.js:0
[  697058ms] [LOG] %c[Vercel Web Analytics]%c Debug mode is enabled by default in development. No requests will be sent to the server. color: rgb(120, 120, 120) color: inherit @ https://va.vercel-scripts.com/v1/script.debug.js:0
[  697058ms] [LOG] %c[Vercel Web Analytics]%c Running queued event color: rgb(120, 120, 120) color: inherit pageview {route: /about, path: /about} @ https://va.vercel-scripts.com/v1/script.debug.js:0
[  697058ms] [LOG] %c[Vercel Web Analytics]%c [view] http://localhost:4399/about color: rgb(120, 120, 120) color: inherit {o: http://localhost:4399/about, sv: 0.1.3, sdkn: @vercel/analytics/astro, sdkv: 1.6.1, ts: 1781141295324} /_vercel/insights/view @ https://va.vercel-scripts.com/v1/script.debug.js:0
[  697058ms] [LOG] %c[Vercel Speed Insights]%c Debug mode is enabled by default in development. No requests will be sent to the server. color: rgb(120, 120, 120) color: inherit @ https://va.vercel-scripts.com/v1/speed-insights/script.debug.js:0
[  707244ms] [LOG] %c[Vercel Speed Insights]%c [vitals] color: rgb(120, 120, 120) color: inherit {speed: 4g, metrics: Array(1), scriptVersion: 0.1.3, sdkName: @vercel/speed-insights/astro, sdkVersion: 1.3.1} /_vercel/speed-insights/vitals @ https://va.vercel-scripts.com/v1/speed-insights/script.debug.js:0
[  707258ms] [LOG] %c[Vercel Web Analytics]%c Debug mode is enabled by default in development. No requests will be sent to the server. color: rgb(120, 120, 120) color: inherit @ https://va.vercel-scripts.com/v1/script.debug.js:0
[  707259ms] [LOG] %c[Vercel Web Analytics]%c Running queued event color: rgb(120, 120, 120) color: inherit pageview {route: /about, path: /about} @ https://va.vercel-scripts.com/v1/script.debug.js:0
[  707259ms] [LOG] %c[Vercel Web Analytics]%c [view] http://localhost:4399/about color: rgb(120, 120, 120) color: inherit {o: http://localhost:4399/about, sv: 0.1.3, sdkn: @vercel/analytics/astro, sdkv: 1.6.1, ts: 1781141305524} /_vercel/insights/view @ https://va.vercel-scripts.com/v1/script.debug.js:0
[  707259ms] [LOG] %c[Vercel Speed Insights]%c Debug mode is enabled by default in development. No requests will be sent to the server. color: rgb(120, 120, 120) color: inherit @ https://va.vercel-scripts.com/v1/speed-insights/script.debug.js:0
[  713414ms] [LOG] %c[Vercel Speed Insights]%c [vitals] color: rgb(120, 120, 120) color: inherit {speed: 4g, metrics: Array(1), scriptVersion: 0.1.3, sdkName: @vercel/speed-insights/astro, sdkVersion: 1.3.1} /_vercel/speed-insights/vitals @ https://va.vercel-scripts.com/v1/speed-insights/script.debug.js:0
[  713415ms] [ERROR] Failed to load resource: the server responded with a status of 500 (Internal Server Error) @ http://localhost:4399/about:0
[  714748ms] [ERROR] Failed to load resource: the server responded with a status of 500 (Internal Server Error) @ http://localhost:4399/about:0
[  714896ms] [ERROR] Failed to load resource: the server responded with a status of 500 (Internal Server Error) @ http://localhost:4399/about:0
[  715032ms] [ERROR] Failed to load resource: the server responded with a status of 500 (Internal Server Error) @ http://localhost:4399/about:0
[  715177ms] [ERROR] Failed to load resource: the server responded with a status of 500 (Internal Server Error) @ http://localhost:4399/about:0
[  716372ms] [ERROR] Failed to load resource: the server responded with a status of 500 (Internal Server Error) @ http://localhost:4399/about:0
[  717659ms] [LOG] %c[Vercel Web Analytics]%c Debug mode is enabled by default in development. No requests will be sent to the server. color: rgb(120, 120, 120) color: inherit @ https://va.vercel-scripts.com/v1/script.debug.js:0
[  717659ms] [LOG] %c[Vercel Web Analytics]%c Running queued event color: rgb(120, 120, 120) color: inherit pageview {route: /about, path: /about} @ https://va.vercel-scripts.com/v1/script.debug.js:0
[  717659ms] [LOG] %c[Vercel Web Analytics]%c [view] http://localhost:4399/about color: rgb(120, 120, 120) color: inherit {o: http://localhost:4399/about, sv: 0.1.3, sdkn: @vercel/analytics/astro, sdkv: 1.6.1, ts: 1781141315925} /_vercel/insights/view @ https://va.vercel-scripts.com/v1/script.debug.js:0
[  717660ms] [LOG] %c[Vercel Speed Insights]%c Debug mode is enabled by default in development. No requests will be sent to the server. color: rgb(120, 120, 120) color: inherit @ https://va.vercel-scripts.com/v1/speed-insights/script.debug.js:0
[  724323ms] [LOG] %c[Vercel Speed Insights]%c [vitals] color: rgb(120, 120, 120) color: inherit {speed: 4g, metrics: Array(1), scriptVersion: 0.1.3, sdkName: @vercel/speed-insights/astro, sdkVersion: 1.3.1} /_vercel/speed-insights/vitals @ https://va.vercel-scripts.com/v1/speed-insights/script.debug.js:0
[  724338ms] [LOG] %c[Vercel Web Analytics]%c Debug mode is enabled by default in development. No requests will be sent to the server. color: rgb(120, 120, 120) color: inherit @ https://va.vercel-scripts.com/v1/script.debug.js:0
[  724338ms] [LOG] %c[Vercel Web Analytics]%c Running queued event color: rgb(120, 120, 120) color: inherit pageview {route: /about, path: /about} @ https://va.vercel-scripts.com/v1/script.debug.js:0
[  724339ms] [LOG] %c[Vercel Web Analytics]%c [view] http://localhost:4399/about color: rgb(120, 120, 120) color: inherit {o: http://localhost:4399/about, sv: 0.1.3, sdkn: @vercel/analytics/astro, sdkv: 1.6.1, ts: 1781141322604} /_vercel/insights/view @ https://va.vercel-scripts.com/v1/script.debug.js:0
[  724339ms] [LOG] %c[Vercel Speed Insights]%c Debug mode is enabled by default in development. No requests will be sent to the server. color: rgb(120, 120, 120) color: inherit @ https://va.vercel-scripts.com/v1/speed-insights/script.debug.js:0
[  736976ms] [LOG] %c[Vercel Speed Insights]%c [vitals] color: rgb(120, 120, 120) color: inherit {speed: 4g, metrics: Array(1), scriptVersion: 0.1.3, sdkName: @vercel/speed-insights/astro, sdkVersion: 1.3.1} /_vercel/speed-insights/vitals @ https://va.vercel-scripts.com/v1/speed-insights/script.debug.js:0
[  737019ms] [LOG] %c[Vercel Web Analytics]%c Debug mode is enabled by default in development. No requests will be sent to the server. color: rgb(120, 120, 120) color: inherit @ https://va.vercel-scripts.com/v1/script.debug.js:0
[  737019ms] [LOG] %c[Vercel Web Analytics]%c Running queued event color: rgb(120, 120, 120) color: inherit pageview {route: /about, path: /about} @ https://va.vercel-scripts.com/v1/script.debug.js:0
[  737019ms] [LOG] %c[Vercel Web Analytics]%c [view] http://localhost:4399/about color: rgb(120, 120, 120) color: inherit {o: http://localhost:4399/about, sv: 0.1.3, sdkn: @vercel/analytics/astro, sdkv: 1.6.1, ts: 1781141335284} /_vercel/insights/view @ https://va.vercel-scripts.com/v1/script.debug.js:0
[  737020ms] [LOG] %c[Vercel Speed Insights]%c Debug mode is enabled by default in development. No requests will be sent to the server. color: rgb(120, 120, 120) color: inherit @ https://va.vercel-scripts.com/v1/speed-insights/script.debug.js:0
[  738879ms] [LOG] %c[Vercel Speed Insights]%c [vitals] color: rgb(120, 120, 120) color: inherit {speed: 4g, metrics: Array(1), scriptVersion: 0.1.3, sdkName: @vercel/speed-insights/astro, sdkVersion: 1.3.1} /_vercel/speed-insights/vitals @ https://va.vercel-scripts.com/v1/speed-insights/script.debug.js:0
[  738894ms] [LOG] %c[Vercel Web Analytics]%c Debug mode is enabled by default in development. No requests will be sent to the server. color: rgb(120, 120, 120) color: inherit @ https://va.vercel-scripts.com/v1/script.debug.js:0
[  738894ms] [LOG] %c[Vercel Web Analytics]%c Running queued event color: rgb(120, 120, 120) color: inherit pageview {route: /about, path: /about} @ https://va.vercel-scripts.com/v1/script.debug.js:0
[  738894ms] [LOG] %c[Vercel Web Analytics]%c [view] http://localhost:4399/about color: rgb(120, 120, 120) color: inherit {o: http://localhost:4399/about, sv: 0.1.3, sdkn: @vercel/analytics/astro, sdkv: 1.6.1, ts: 1781141337159} /_vercel/insights/view @ https://va.vercel-scripts.com/v1/script.debug.js:0
[  738894ms] [LOG] %c[Vercel Speed Insights]%c Debug mode is enabled by default in development. No requests will be sent to the server. color: rgb(120, 120, 120) color: inherit @ https://va.vercel-scripts.com/v1/speed-insights/script.debug.js:0
[  743103ms] [LOG] %c[Vercel Speed Insights]%c [vitals] color: rgb(120, 120, 120) color: inherit {speed: 4g, metrics: Array(1), scriptVersion: 0.1.3, sdkName: @vercel/speed-insights/astro, sdkVersion: 1.3.1} /_vercel/speed-insights/vitals @ https://va.vercel-scripts.com/v1/speed-insights/script.debug.js:0
[  743118ms] [LOG] %c[Vercel Web Analytics]%c Debug mode is enabled by default in development. No requests will be sent to the server. color: rgb(120, 120, 120) color: inherit @ https://va.vercel-scripts.com/v1/script.debug.js:0
[  743118ms] [LOG] %c[Vercel Web Analytics]%c Running queued event color: rgb(120, 120, 120) color: inherit pageview {route: /about, path: /about} @ https://va.vercel-scripts.com/v1/script.debug.js:0
[  743119ms] [LOG] %c[Vercel Web Analytics]%c [view] http://localhost:4399/about color: rgb(120, 120, 120) color: inherit {o: http://localhost:4399/about, sv: 0.1.3, sdkn: @vercel/analytics/astro, sdkv: 1.6.1, ts: 1781141341384} /_vercel/insights/view @ https://va.vercel-scripts.com/v1/script.debug.js:0
[  743119ms] [LOG] %c[Vercel Speed Insights]%c Debug mode is enabled by default in development. No requests will be sent to the server. color: rgb(120, 120, 120) color: inherit @ https://va.vercel-scripts.com/v1/speed-insights/script.debug.js:0
[  746392ms] [LOG] %c[Vercel Speed Insights]%c [vitals] color: rgb(120, 120, 120) color: inherit {speed: 4g, metrics: Array(1), scriptVersion: 0.1.3, sdkName: @vercel/speed-insights/astro, sdkVersion: 1.3.1} /_vercel/speed-insights/vitals @ https://va.vercel-scripts.com/v1/speed-insights/script.debug.js:0
[  746408ms] [LOG] %c[Vercel Web Analytics]%c Debug mode is enabled by default in development. No requests will be sent to the server. color: rgb(120, 120, 120) color: inherit @ https://va.vercel-scripts.com/v1/script.debug.js:0
[  746408ms] [LOG] %c[Vercel Web Analytics]%c Running queued event color: rgb(120, 120, 120) color: inherit pageview {route: /about, path: /about} @ https://va.vercel-scripts.com/v1/script.debug.js:0
[  746408ms] [LOG] %c[Vercel Web Analytics]%c [view] http://localhost:4399/about color: rgb(120, 120, 120) color: inherit {o: http://localhost:4399/about, sv: 0.1.3, sdkn: @vercel/analytics/astro, sdkv: 1.6.1, ts: 1781141344673} /_vercel/insights/view @ https://va.vercel-scripts.com/v1/script.debug.js:0
[  746408ms] [LOG] %c[Vercel Speed Insights]%c Debug mode is enabled by default in development. No requests will be sent to the server. color: rgb(120, 120, 120) color: inherit @ https://va.vercel-scripts.com/v1/speed-insights/script.debug.js:0
[  753068ms] [LOG] %c[Vercel Speed Insights]%c [vitals] color: rgb(120, 120, 120) color: inherit {speed: 4g, metrics: Array(1), scriptVersion: 0.1.3, sdkName: @vercel/speed-insights/astro, sdkVersion: 1.3.1} /_vercel/speed-insights/vitals @ https://va.vercel-scripts.com/v1/speed-insights/script.debug.js:0
[  753084ms] [LOG] %c[Vercel Web Analytics]%c Debug mode is enabled by default in development. No requests will be sent to the server. color: rgb(120, 120, 120) color: inherit @ https://va.vercel-scripts.com/v1/script.debug.js:0
[  753084ms] [LOG] %c[Vercel Web Analytics]%c Running queued event color: rgb(120, 120, 120) color: inherit pageview {route: /about, path: /about} @ https://va.vercel-scripts.com/v1/script.debug.js:0
[  753084ms] [LOG] %c[Vercel Web Analytics]%c [view] http://localhost:4399/about color: rgb(120, 120, 120) color: inherit {o: http://localhost:4399/about, sv: 0.1.3, sdkn: @vercel/analytics/astro, sdkv: 1.6.1, ts: 1781141351349} /_vercel/insights/view @ https://va.vercel-scripts.com/v1/script.debug.js:0
[  753084ms] [LOG] %c[Vercel Speed Insights]%c Debug mode is enabled by default in development. No requests will be sent to the server. color: rgb(120, 120, 120) color: inherit @ https://va.vercel-scripts.com/v1/speed-insights/script.debug.js:0
[  758044ms] [LOG] %c[Vercel Speed Insights]%c [vitals] color: rgb(120, 120, 120) color: inherit {speed: 4g, metrics: Array(1), scriptVersion: 0.1.3, sdkName: @vercel/speed-insights/astro, sdkVersion: 1.3.1} /_vercel/speed-insights/vitals @ https://va.vercel-scripts.com/v1/speed-insights/script.debug.js:0
[  758062ms] [LOG] %c[Vercel Web Analytics]%c Debug mode is enabled by default in development. No requests will be sent to the server. color: rgb(120, 120, 120) color: inherit @ https://va.vercel-scripts.com/v1/script.debug.js:0
[  758062ms] [LOG] %c[Vercel Web Analytics]%c Running queued event color: rgb(120, 120, 120) color: inherit pageview {route: /about, path: /about} @ https://va.vercel-scripts.com/v1/script.debug.js:0
[  758062ms] [LOG] %c[Vercel Web Analytics]%c [view] http://localhost:4399/about color: rgb(120, 120, 120) color: inherit {o: http://localhost:4399/about, sv: 0.1.3, sdkn: @vercel/analytics/astro, sdkv: 1.6.1, ts: 1781141356327} /_vercel/insights/view @ https://va.vercel-scripts.com/v1/script.debug.js:0
[  758062ms] [LOG] %c[Vercel Speed Insights]%c Debug mode is enabled by default in development. No requests will be sent to the server. color: rgb(120, 120, 120) color: inherit @ https://va.vercel-scripts.com/v1/speed-insights/script.debug.js:0
[  774963ms] [LOG] %c[Vercel Speed Insights]%c [vitals] color: rgb(120, 120, 120) color: inherit {speed: 4g, metrics: Array(1), scriptVersion: 0.1.3, sdkName: @vercel/speed-insights/astro, sdkVersion: 1.3.1} /_vercel/speed-insights/vitals @ https://va.vercel-scripts.com/v1/speed-insights/script.debug.js:0
[  774979ms] [LOG] %c[Vercel Web Analytics]%c Debug mode is enabled by default in development. No requests will be sent to the server. color: rgb(120, 120, 120) color: inherit @ https://va.vercel-scripts.com/v1/script.debug.js:0
[  774979ms] [LOG] %c[Vercel Web Analytics]%c Running queued event color: rgb(120, 120, 120) color: inherit pageview {route: /about, path: /about} @ https://va.vercel-scripts.com/v1/script.debug.js:0
[  774979ms] [LOG] %c[Vercel Web Analytics]%c [view] http://localhost:4399/about color: rgb(120, 120, 120) color: inherit {o: http://localhost:4399/about, sv: 0.1.3, sdkn: @vercel/analytics/astro, sdkv: 1.6.1, ts: 1781141373245} /_vercel/insights/view @ https://va.vercel-scripts.com/v1/script.debug.js:0
[  774979ms] [LOG] %c[Vercel Speed Insights]%c Debug mode is enabled by default in development. No requests will be sent to the server. color: rgb(120, 120, 120) color: inherit @ https://va.vercel-scripts.com/v1/speed-insights/script.debug.js:0
[  789070ms] [LOG] %c[Vercel Speed Insights]%c [vitals] color: rgb(120, 120, 120) color: inherit {speed: 4g, metrics: Array(1), scriptVersion: 0.1.3, sdkName: @vercel/speed-insights/astro, sdkVersion: 1.3.1} /_vercel/speed-insights/vitals @ https://va.vercel-scripts.com/v1/speed-insights/script.debug.js:0
[  789097ms] [LOG] %c[Vercel Web Analytics]%c Debug mode is enabled by default in development. No requests will be sent to the server. color: rgb(120, 120, 120) color: inherit @ https://va.vercel-scripts.com/v1/script.debug.js:0
[  789097ms] [LOG] %c[Vercel Web Analytics]%c Running queued event color: rgb(120, 120, 120) color: inherit pageview {route: /about, path: /about} @ https://va.vercel-scripts.com/v1/script.debug.js:0
[  789098ms] [LOG] %c[Vercel Web Analytics]%c [view] http://localhost:4399/about color: rgb(120, 120, 120) color: inherit {o: http://localhost:4399/about, sv: 0.1.3, sdkn: @vercel/analytics/astro, sdkv: 1.6.1, ts: 1781141387363} /_vercel/insights/view @ https://va.vercel-scripts.com/v1/script.debug.js:0
[  789098ms] [LOG] %c[Vercel Speed Insights]%c Debug mode is enabled by default in development. No requests will be sent to the server. color: rgb(120, 120, 120) color: inherit @ https://va.vercel-scripts.com/v1/speed-insights/script.debug.js:0
