[    3290ms] [LOG] %c[Vercel Web Analytics]%c Debug mode is enabled by default in development. No requests will be sent to the server. color: rgb(120, 120, 120) color: inherit @ https://va.vercel-scripts.com/v1/script.debug.js:0
[    3302ms] [LOG] %c[Vercel Web Analytics]%c Running queued event color: rgb(120, 120, 120) color: inherit pageview {route: /about, path: /about} @ https://va.vercel-scripts.com/v1/script.debug.js:0
[    3337ms] [LOG] %c[Vercel Web Analytics]%c [view] http://localhost:4399/about color: rgb(120, 120, 120) color: inherit {o: http://localhost:4399/about, sv: 0.1.3, sdkn: @vercel/analytics/astro, sdkv: 1.6.1, ts: 1781140295118} /_vercel/insights/view @ https://va.vercel-scripts.com/v1/script.debug.js:0
[    3352ms] [LOG] %c[Vercel Speed Insights]%c Debug mode is enabled by default in development. No requests will be sent to the server. color: rgb(120, 120, 120) color: inherit @ https://va.vercel-scripts.com/v1/speed-insights/script.debug.js:0
[  223969ms] [INFO] %cDownload the React DevTools for a better development experience: https://react.dev/link/react-devtools font-weight:bold @ http://localhost:4399/node_modules/.vite/deps/chunk-JAOW5KKO.js?v=a68e0862:20102
[  224966ms] [ERROR] A tree hydrated but some attributes of the server rendered HTML didn't match the client properties. This won't be patched up. This can happen if a SSR-ed Client Component used:

- A server/client branch `if (typeof window !== 'undefined')`.
- Variable input such as `Date.now()` or `Math.random()` which changes each time it's called.
- Date formatting in a user's locale which doesn't match the server.
- External changing data without sending a snapshot of it along with the HTML.
- Invalid HTML tag nesting.

It can also happen if the client has a browser extension installed which messes with the HTML before React loaded.

%s%s https://react.dev/link/hydration-mismatch 

  <SubscribeForm list="newsletter" data-astro-cid-kh7btl4r={true}>
    <form className="subscribe-..." onSubmit={function onSubmit}>
      <input
        type="email"
        value=""
        onChange={function onChange}
        placeholder="your@email.com"
        disabled={false}
        className="subscribe-input"
        autoComplete="email"
        inputMode="email"
        required={true}
-       style={{}}
      >
      ...
 @ http://localhost:4399/node_modules/.vite/deps/chunk-JAOW5KKO.js?v=a68e0862:4072
